2018-07-06 12:51 [INFO:Ivy.master] Starting master service...
2018-07-06 12:51 [INFO:Epyphany] Initializing discovery...
2018-07-06 12:51 [INFO:GPU Controller] Setting up nvidia GPUs
2018-07-06 12:51 [INFO:Ivy.client] Connecting to primary MASTER <192.168.1.103:29203>...
2018-07-06 12:51 [INFO:Ivy.storage] Connecting to primary MASTER <192.168.1.103:29203>...
2018-07-06 12:51 [INFO:IOC] Enabled persistence mode for GPU 00000000:01:00.0.
2018-07-06 12:51 [INFO:IOC] Enabled persistence mode for GPU 00000000:02:00.0.
2018-07-06 12:51 [INFO:IOC] Enabled persistence mode for GPU 00000000:03:00.0.
2018-07-06 12:51 [INFO:IOC] All done.
2018-07-06 12:51 [INFO:IOC] 
2018-07-06 12:51 [INFO:IOC] Using X configuration file: "/etc/X11/xorg.conf".
2018-07-06 12:51 [INFO:IOC] Option "AllowEmptyInitialConfiguration" "True" added to Screen "Screen0".
2018-07-06 12:51 [INFO:IOC] Option "AllowEmptyInitialConfiguration" "True" added to Screen "Screen1".
2018-07-06 12:51 [INFO:IOC] Option "AllowEmptyInitialConfiguration" "True" added to Screen "Screen2".
2018-07-06 12:51 [INFO:IOC] Backed up file '/etc/X11/xorg.conf' as '/etc/X11/xorg.conf.backup'
2018-07-06 12:51 [INFO:IOC] New X configuration file written to '/etc/X11/xorg.conf'
2018-07-06 12:51 [INFO:IOC] 
2018-07-06 12:51 [INFO:GPU Controller] Applying overclock on nvidia GPUs
2018-07-06 12:51 [ERRO:SOC] Failed to connect to Mir: Failed to connect to server socket: No such file or directory
2018-07-06 12:51 [ERRO:SOC] Unable to init server: Could not connect: Connection refused
2018-07-06 12:51 [ERRO:SOC] XIO:  fatal IO error 11 (Resource temporarily unavailable) on X server ":0"
2018-07-06 12:51 [ERRO:SOC] after 17 requests (17 known processed) with 0 events remaining.
2018-07-06 12:51 [INFO:Ivy.client.Process] Starting miner: ./zm --server us1-zcash.flypool.org --port 3333 --user t1KU9wdouYaLqSihVsmE2TWZ3Km9AiP8xJW --pass x --telemetry
2018-07-06 12:51 [INFO:DSTM v0.6.0] #  zm 0.6
2018-07-06 12:51 [INFO:DSTM v0.6.0] #  GPU0 + GeForce GTX 1080 Ti      MB: 11176 PCI: 1:0
2018-07-06 12:51 [INFO:DSTM v0.6.0] #  GPU1 + GeForce GTX 1080 Ti      MB: 11178 PCI: 2:0
2018-07-06 12:51 [INFO:DSTM v0.6.0] #  GPU2 + GeForce GTX 1080 Ti      MB: 11178 PCI: 3:0
2018-07-06 12:51 [INFO:DSTM v0.6.0] #  pool1 us1-zcash.flypool.org:3333
2018-07-06 12:51 [INFO:DSTM v0.6.0] #  telemetry server listening on 127.0.0.1:2222
2018-07-06 12:51 [INFO:DSTM v0.6.0] #  connected to: us1-zcash.flypool.org:3333 [1/1]
2018-07-06 12:51 [INFO:DSTM v0.6.0] #  server set difficulty to: 0000aec33e1f671529a485cd...
2018-07-06 12:51 [CRIT:DSTM v0.6.0] SIGINT received - exiting
2018-07-06 12:51 [CRIT:DSTM v0.6.0] SIGINT received - exiting
